<?xml version="1.0" encoding="UTF-8"?>
<testsuite xmlns:xsi="http://www.w3.org/2001/XMLSchema-instance" xsi:noNamespaceSchemaLocation="https://maven.apache.org/surefire/maven-surefire-plugin/xsd/surefire-test-report-3.0.xsd" version="3.0" name="runners.WebBaseRunner" time="45.023" tests="1" errors="0" skipped="0" failures="0">
  <properties>
[...]
</properties>
  <testcase name="Busco Tsoft en google" classname="Google" time="36.451">
    <system-out><![CDATA[
Scenario: Busco Tsoft en google                 # src/test/resources/features/Google.feature:6
Driver Context Navegador: Chrome /Url: https://www.google.cl/

Sistema operativo ->mac os x 12.6

Chrome
Se selecciona Chrome
Esperando: 2s
  Given ingreso a google                        # definitions.BackgroundGoogle.ingresoAGoogle()

    Embedding [SUCCESS] Step ScreenShots [image/png 92286 bytes]

Esperando elemento
Esperando elemento
  When Ingreso "Tsoft" en la barra de busqueda  # definitions.GoogleBuscar.ingresoEnLaBarraDeBusqueda(java.lang.String)

    Embedding [SUCCESS] Step ScreenShots [image/png 694736 bytes]

Esperando elemento
  And selecciono e ingreso al resultado "TSOFT" # definitions.GoogleBuscar.seleccionoEIngresoAlResultado(java.lang.String)

    Embedding [SUCCESS] Step ScreenShots [image/png 685756 bytes]

  Then ingreso a la pagina de "Tsoft"           # definitions.GoogleBuscar.ingresoALaPaginaDe(java.lang.String)

    Embedding [SUCCESS] Step ScreenShots [image/png 685756 bytes]

]]></system-out>
    <system-err><![CDATA[SLF4J: Failed to load class "org.slf4j.impl.StaticLoggerBinder".
SLF4J: Defaulting to no-operation (NOP) logger implementation
SLF4J: See http://www.slf4j.org/codes.html#StaticLoggerBinder for further details.
Starting ChromeDriver 106.0.5249.61 (511755355844955cd3e264779baf0dd38212a4d0-refs/branch-heads/5249@{#569}) on port 57049
Only local connections are allowed.
Please see https://chromedriver.chromium.org/security-considerations for suggestions on keeping ChromeDriver safe.
ChromeDriver was started successfully.
oct. 24, 2022 2:59:24 P.M. org.openqa.selenium.remote.ProtocolHandshake createSession
INFORMACI?N: Detected dialect: W3C
oct. 24, 2022 2:59:25 P.M. org.openqa.selenium.devtools.CdpVersionFinder findNearestMatch
ADVERTENCIA: Unable to find an exact match for CDP version 106, so returning the closest version found: a no-op implementation
oct. 24, 2022 2:59:25 P.M. org.openqa.selenium.devtools.CdpVersionFinder findNearestMatch
INFORMACI?N: Unable to find CDP implementation matching 106.
oct. 24, 2022 2:59:25 P.M. org.openqa.selenium.chromium.ChromiumDriver lambda$new$3
ADVERTENCIA: Unable to find version of CDP to use for . You may need to include a dependency on a specific version of the CDP using something similar to `org.seleniumhq.selenium:selenium-devtools-v86:4.1.3` where the version ("v86") matches the version of the chromium-based browser you're using and the version number of the artifact is the same as Selenium's.
]]></system-err>
  </testcase>
</testsuite>